[Mon Apr 01 14:55:05 2019] [notice] Digest: generating secret for digest authentication ...
[Mon Apr 01 14:55:05 2019] [notice] Digest: done
[Mon Apr 01 14:55:06 2019] [notice] Apache/2.2.31 (Unix) mod_ssl/2.2.31 OpenSSL/1.0.2j DAV/2 PHP/7.0.15 configured -- resuming normal operations
[Mon Apr 01 14:55:08 2019] [error] [client ::1] File does not exist: /Applications/MAMP/htdocs/docs-assets, referer: http://localhost:8888/MAMP/?language=English
[Mon Apr 01 14:55:51 2019] [error] [client ::1] File does not exist: /Applications/MAMP/htdocs/moodle28
[Mon Apr 01 15:41:38 2019] [notice] caught SIGTERM, shutting down
[Mon Apr 01 15:41:43 2019] [notice] Digest: generating secret for digest authentication ...
[Mon Apr 01 15:41:43 2019] [notice] Digest: done
[Mon Apr 01 15:41:44 2019] [notice] Apache/2.2.31 (Unix) mod_ssl/2.2.31 OpenSSL/1.0.2j DAV/2 PHP/7.0.15 configured -- resuming normal operations
[Mon Apr 01 16:08:57 2019] [error] [client 10.22.30.102] script '/Applications/MAMP/htdocs/install.php' not found or unable to stat
[Mon Apr 01 19:44:45 2019] [notice] caught SIGTERM, shutting down
[Tue Apr 02 16:11:19 2019] [notice] Digest: generating secret for digest authentication ...
[Tue Apr 02 16:11:19 2019] [notice] Digest: done
[Tue Apr 02 16:11:20 2019] [notice] Apache/2.2.31 (Unix) mod_ssl/2.2.31 OpenSSL/1.0.2j DAV/2 PHP/7.0.15 configured -- resuming normal operations
[Tue Apr 02 16:11:22 2019] [error] [client ::1] File does not exist: /Applications/MAMP/htdocs/docs-assets, referer: http://localhost:8888/MAMP/?language=English
[Tue Apr 02 16:25:06 2019] [error] [client ::1] File does not exist: /Applications/MAMP/htdocs/moodle24
[Tue Apr 02 16:25:11 2019] [error] [client ::1] File does not exist: /Applications/MAMP/htdocs/moodle/admin
[Tue Apr 02 21:58:31 2019] [notice] caught SIGTERM, shutting down
[Wed Apr 03 10:55:08 2019] [notice] Digest: generating secret for digest authentication ...
[Wed Apr 03 10:55:08 2019] [notice] Digest: done
[Wed Apr 03 10:55:09 2019] [notice] Apache/2.2.31 (Unix) mod_ssl/2.2.31 OpenSSL/1.0.2j DAV/2 PHP/7.0.15 configured -- resuming normal operations
[Wed Apr 03 10:55:11 2019] [error] [client ::1] File does not exist: /Applications/MAMP/htdocs/docs-assets, referer: http://localhost:8888/MAMP/?language=English
[Wed Apr 03 10:56:41 2019] [notice] caught SIGTERM, shutting down
[Wed Apr 03 13:58:56 2019] [notice] Digest: generating secret for digest authentication ...
[Wed Apr 03 13:58:56 2019] [notice] Digest: done
[Wed Apr 03 13:58:57 2019] [notice] Apache/2.2.31 (Unix) mod_ssl/2.2.31 OpenSSL/1.0.2j DAV/2 PHP/7.0.15 configured -- resuming normal operations
[Wed Apr 03 13:58:58 2019] [error] [client ::1] File does not exist: /Applications/MAMP/htdocs/docs-assets, referer: http://localhost:8888/MAMP/?language=English
[Wed Apr 03 14:00:35 2019] [notice] caught SIGTERM, shutting down
[Wed Apr 03 14:01:06 2019] [notice] Digest: generating secret for digest authentication ...
[Wed Apr 03 14:01:06 2019] [notice] Digest: done
[Wed Apr 03 14:01:11 2019] [notice] Apache/2.2.31 (Unix) mod_ssl/2.2.31 OpenSSL/1.0.2j DAV/2 PHP/7.0.15 configured -- resuming normal operations
[Wed Apr 03 14:02:37 2019] [notice] caught SIGTERM, shutting down
[Wed Apr 03 14:02:50 2019] [notice] Digest: generating secret for digest authentication ...
[Wed Apr 03 14:02:50 2019] [notice] Digest: done
[Wed Apr 03 14:02:56 2019] [notice] Apache/2.2.31 (Unix) mod_ssl/2.2.31 OpenSSL/1.0.2j DAV/2 PHP/7.0.15 configured -- resuming normal operations
[Wed Apr 03 14:03:05 2019] [notice] caught SIGTERM, shutting down
[Wed Apr 03 14:03:41 2019] [notice] Digest: generating secret for digest authentication ...
[Wed Apr 03 14:03:41 2019] [notice] Digest: done
[Wed Apr 03 14:03:46 2019] [notice] Apache/2.2.31 (Unix) mod_ssl/2.2.31 OpenSSL/1.0.2j DAV/2 PHP/7.0.15 configured -- resuming normal operations
[Wed Apr 03 14:17:34 2019] [notice] caught SIGTERM, shutting down
